2020-11-25T10:07:43+00:00 CRITICAL Uncaught Error: Call to undefined function get_wish_thumb() in C:\xampp\htdocs\2020\11\frigo\frigo-cn\themes\frigo\inc\wc-functions.php:87
Stack trace:
#0 C:\xampp\htdocs\2020\11\frigo\wp-includes\class-wp-hook.php(287): add_shorttext_below_title_loop('')
#1 C:\xampp\htdocs\2020\11\frigo\wp-includes\class-wp-hook.php(311): WP_Hook->apply_filters('', Array)
#2 C:\xampp\htdocs\2020\11\frigo\wp-includes\plugin.php(478): WP_Hook->do_action(Array)
#3 C:\xampp\htdocs\2020\11\frigo\frigo-cn\themes\frigo\woocommerce\content-product.php(49): do_action('woocommerce_sho...')
#4 C:\xampp\htdocs\2020\11\frigo\wp-includes\template.php(732): require('C:\\xampp\\htdocs...')
#5 C:\xampp\htdocs\2020\11\frigo\frigo-cn\plugins\woocommerce\includes\wc-core-functions.php(284): load_template('C:\\xampp\\htdocs...', false)
#6 C:\xampp\htdocs\2020\11\frigo\frigo-cn\themes\frigo\woocommerce\archive-product.php(70): wc_get_template_part('content', 'product')
#7 C:\xampp\htdocs\2020\11\frigo\wp-includes\template-loader.php(106): include in C:\xampp\htdocs\2020\11\frigo\frigo-cn\themes\frigo\inc\wc-functions.php on line 87

2020-11-25T13:04:51+00:00 CRITICAL syntax error, unexpected 'function' (T_FUNCTION) in C:\xampp\htdocs\2020\11\frigo\frigo-cn\themes\frigo\inc\wc-functions.php on line 9

2020-11-25T14:28:29+00:00 CRITICAL syntax error, unexpected ')', expecting ',' or ';' in C:\xampp\htdocs\2020\11\frigo\frigo-cn\themes\frigo\woocommerce\loop\add-to-cart.php on line 54

2020-11-25T14:33:05+00:00 CRITICAL syntax error, unexpected ')', expecting ',' or ';' in C:\xampp\htdocs\2020\11\frigo\frigo-cn\themes\frigo\woocommerce\loop\add-to-cart.php on line 54

2020-11-25T14:34:29+00:00 CRITICAL syntax error, unexpected ')', expecting ',' or ';' in C:\xampp\htdocs\2020\11\frigo\frigo-cn\themes\frigo\woocommerce\loop\add-to-cart.php on line 54

2020-11-25T14:36:38+00:00 CRITICAL Uncaught Error: Call to undefined method WC_Product_Simple::product_type() in C:\xampp\htdocs\2020\11\frigo\frigo-cn\themes\frigo\woocommerce\loop\add-to-cart.php:45
Stack trace:
#0 C:\xampp\htdocs\2020\11\frigo\frigo-cn\plugins\woocommerce\includes\wc-core-functions.php(345): include()
#1 C:\xampp\htdocs\2020\11\frigo\frigo-cn\plugins\woocommerce\includes\wc-template-functions.php(1305): wc_get_template('loop/add-to-car...', Array)
#2 C:\xampp\htdocs\2020\11\frigo\frigo-cn\themes\frigo\inc\wc-functions.php(128): woocommerce_template_loop_add_to_cart()
#3 C:\xampp\htdocs\2020\11\frigo\wp-includes\class-wp-hook.php(287): add_shorttext_below_title_loop('')
#4 C:\xampp\htdocs\2020\11\frigo\wp-includes\class-wp-hook.php(311): WP_Hook->apply_filters('', Array)
#5 C:\xampp\htdocs\2020\11\frigo\wp-includes\plugin.php(478): WP_Hook->do_action(Array)
#6 C:\xampp\htdocs\2020\11\frigo\frigo-cn\themes\frigo\woocommerce\content-product.php(49): do_action('woocommerce_sho...')
#7 C:\xampp\htdocs\2020\11\frigo\wp-includes\t in C:\xampp\htdocs\2020\11\frigo\frigo-cn\themes\frigo\woocommerce\loop\add-to-cart.php on line 45

