2020-11-30T17:03:22+00:00 CRITICAL Uncaught Error: Call to undefined function startsWith() in C:\xampp\htdocs\2020\11\frigo\frigo-cn\themes\frigo\inc\wc-manage-fields.php:26
Stack trace:
#0 C:\xampp\htdocs\2020\11\frigo\wp-includes\class-wp-hook.php(287): zk_validation_billing_address('')
#1 C:\xampp\htdocs\2020\11\frigo\wp-includes\class-wp-hook.php(311): WP_Hook->apply_filters('', Array)
#2 C:\xampp\htdocs\2020\11\frigo\wp-includes\plugin.php(478): WP_Hook->do_action(Array)
#3 C:\xampp\htdocs\2020\11\frigo\frigo-cn\themes\frigo\woocommerce\myaccount\my-account.php(38): do_action('cbv_address_for...')
#4 C:\xampp\htdocs\2020\11\frigo\frigo-cn\plugins\woocommerce\includes\wc-core-functions.php(345): include('C:\\xampp\\htdocs...')
#5 C:\xampp\htdocs\2020\11\frigo\frigo-cn\plugins\woocommerce\includes\shortcodes\class-wc-shortcode-my-account.php(123): wc_get_template('myaccount/my-ac...', Array)
#6 C:\xampp\htdocs\2020\11\frigo\frigo-cn\plugins\woocommerce\includes\shortcodes\class-wc-shortcode-my-account.php(72): WC_Shortcode_My_Account::my_ac in C:\xampp\htdocs\2020\11\frigo\frigo-cn\themes\frigo\inc\wc-manage-fields.php on line 26

2020-11-30T17:04:56+00:00 CRITICAL Uncaught Error: Call to a member function add() on string in C:\xampp\htdocs\2020\11\frigo\frigo-cn\themes\frigo\inc\wc-manage-fields.php:65
Stack trace:
#0 C:\xampp\htdocs\2020\11\frigo\frigo-cn\themes\frigo\inc\wc-manage-fields.php(35): add_the_error('', 'billing_first_n...', 'First Name')
#1 C:\xampp\htdocs\2020\11\frigo\wp-includes\class-wp-hook.php(287): zk_validation_billing_address('')
#2 C:\xampp\htdocs\2020\11\frigo\wp-includes\class-wp-hook.php(311): WP_Hook->apply_filters('', Array)
#3 C:\xampp\htdocs\2020\11\frigo\wp-includes\plugin.php(478): WP_Hook->do_action(Array)
#4 C:\xampp\htdocs\2020\11\frigo\frigo-cn\themes\frigo\woocommerce\myaccount\my-account.php(38): do_action('cbv_address_for...')
#5 C:\xampp\htdocs\2020\11\frigo\frigo-cn\plugins\woocommerce\includes\wc-core-functions.php(345): include('C:\\xampp\\htdocs...')
#6 C:\xampp\htdocs\2020\11\frigo\frigo-cn\plugins\woocommerce\includes\shortcodes\class-wc-shortcode-my-account.php(123): wc_get_template('myaccount/my-ac...', Array)
#7 C:\xamp in C:\xampp\htdocs\2020\11\frigo\frigo-cn\themes\frigo\inc\wc-manage-fields.php on line 65

2020-11-30T17:08:39+00:00 CRITICAL Uncaught Error: Call to a member function add() on string in C:\xampp\htdocs\2020\11\frigo\frigo-cn\themes\frigo\inc\wc-manage-fields.php:65
Stack trace:
#0 C:\xampp\htdocs\2020\11\frigo\frigo-cn\themes\frigo\inc\wc-manage-fields.php(35): add_the_error('', 'billing_first_n...', 'First Name')
#1 C:\xampp\htdocs\2020\11\frigo\wp-includes\class-wp-hook.php(287): zk_validation_billing_address('')
#2 C:\xampp\htdocs\2020\11\frigo\wp-includes\class-wp-hook.php(311): WP_Hook->apply_filters('', Array)
#3 C:\xampp\htdocs\2020\11\frigo\wp-includes\plugin.php(478): WP_Hook->do_action(Array)
#4 C:\xampp\htdocs\2020\11\frigo\frigo-cn\themes\frigo\woocommerce\myaccount\my-account.php(38): do_action('cbv_address_for...')
#5 C:\xampp\htdocs\2020\11\frigo\frigo-cn\plugins\woocommerce\includes\wc-core-functions.php(345): include('C:\\xampp\\htdocs...')
#6 C:\xampp\htdocs\2020\11\frigo\frigo-cn\plugins\woocommerce\includes\shortcodes\class-wc-shortcode-my-account.php(123): wc_get_template('myaccount/my-ac...', Array)
#7 C:\xamp in C:\xampp\htdocs\2020\11\frigo\frigo-cn\themes\frigo\inc\wc-manage-fields.php on line 65

2020-11-30T17:09:29+00:00 CRITICAL Uncaught Error: Call to a member function add() on string in C:\xampp\htdocs\2020\11\frigo\frigo-cn\themes\frigo\inc\wc-manage-fields.php:65
Stack trace:
#0 C:\xampp\htdocs\2020\11\frigo\frigo-cn\themes\frigo\inc\wc-manage-fields.php(35): add_the_error('', 'billing_first_n...', 'First Name')
#1 C:\xampp\htdocs\2020\11\frigo\wp-includes\class-wp-hook.php(287): zk_validation_billing_address('')
#2 C:\xampp\htdocs\2020\11\frigo\wp-includes\class-wp-hook.php(311): WP_Hook->apply_filters('', Array)
#3 C:\xampp\htdocs\2020\11\frigo\wp-includes\plugin.php(478): WP_Hook->do_action(Array)
#4 C:\xampp\htdocs\2020\11\frigo\frigo-cn\themes\frigo\woocommerce\myaccount\my-account.php(38): do_action('cbv_address_for...')
#5 C:\xampp\htdocs\2020\11\frigo\frigo-cn\plugins\woocommerce\includes\wc-core-functions.php(345): include('C:\\xampp\\htdocs...')
#6 C:\xampp\htdocs\2020\11\frigo\frigo-cn\plugins\woocommerce\includes\shortcodes\class-wc-shortcode-my-account.php(123): wc_get_template('myaccount/my-ac...', Array)
#7 C:\xamp in C:\xampp\htdocs\2020\11\frigo\frigo-cn\themes\frigo\inc\wc-manage-fields.php on line 65

2020-11-30T17:17:43+00:00 CRITICAL Uncaught Error: Call to a member function add() on string in C:\xampp\htdocs\2020\11\frigo\frigo-cn\themes\frigo\inc\wc-manage-fields.php:65
Stack trace:
#0 C:\xampp\htdocs\2020\11\frigo\frigo-cn\themes\frigo\inc\wc-manage-fields.php(35): add_the_error('', 'billing_first_n...', 'First Name')
#1 C:\xampp\htdocs\2020\11\frigo\wp-includes\class-wp-hook.php(287): zk_validation_billing_address('')
#2 C:\xampp\htdocs\2020\11\frigo\wp-includes\class-wp-hook.php(311): WP_Hook->apply_filters(NULL, Array)
#3 C:\xampp\htdocs\2020\11\frigo\wp-includes\plugin.php(478): WP_Hook->do_action(Array)
#4 C:\xampp\htdocs\2020\11\frigo\frigo-cn\themes\frigo\woocommerce\myaccount\my-account.php(37): do_action('woocommerce_acc...')
#5 C:\xampp\htdocs\2020\11\frigo\frigo-cn\plugins\woocommerce\includes\wc-core-functions.php(345): include('C:\\xampp\\htdocs...')
#6 C:\xampp\htdocs\2020\11\frigo\frigo-cn\plugins\woocommerce\includes\shortcodes\class-wc-shortcode-my-account.php(123): wc_get_template('myaccount/my-ac...', Array)
#7 C:\xa in C:\xampp\htdocs\2020\11\frigo\frigo-cn\themes\frigo\inc\wc-manage-fields.php on line 65

