2020-11-28T04:20:24+00:00 CRITICAL Maximum execution time of 120 seconds exceeded in C:\xampp\htdocs\2020\11\frigo\wp-admin\includes\file.php on line 16

2020-11-28T08:18:53+00:00 CRITICAL syntax error, unexpected ';', expecting ',' or ')' in C:\xampp\htdocs\2020\11\frigo\frigo-cn\themes\frigo\inc\wc-functions.php on line 401

2020-11-28T08:18:54+00:00 CRITICAL syntax error, unexpected ';', expecting ',' or ')' in C:\xampp\htdocs\2020\11\frigo\frigo-cn\themes\frigo\inc\wc-functions.php on line 401

2020-11-28T08:56:14+00:00 CRITICAL Uncaught Error: Call to a member function get_id() on null in C:\xampp\htdocs\2020\11\frigo\frigo-cn\themes\frigo\inc\wc-functions.php:450
Stack trace:
#0 C:\xampp\htdocs\2020\11\frigo\frigo-cn\themes\frigo\woocommerce\cart\cart.php(112): product_max_qty()
#1 C:\xampp\htdocs\2020\11\frigo\frigo-cn\plugins\woocommerce\includes\wc-core-functions.php(345): include('C:\\xampp\\htdocs...')
#2 C:\xampp\htdocs\2020\11\frigo\frigo-cn\plugins\woocommerce\includes\shortcodes\class-wc-shortcode-cart.php(99): wc_get_template('cart/cart.php')
#3 C:\xampp\htdocs\2020\11\frigo\frigo-cn\plugins\woocommerce\includes\class-wc-shortcodes.php(72): WC_Shortcode_Cart::output(Array)
#4 C:\xampp\htdocs\2020\11\frigo\frigo-cn\plugins\woocommerce\includes\class-wc-shortcodes.php(85): WC_Shortcodes::shortcode_wrapper(Array)
#5 C:\xampp\htdocs\2020\11\frigo\wp-includes\shortcodes.php(343): WC_Shortcodes::cart('', '', 'woocommerce_car...')
#6 [internal function]: do_shortcode_tag(Array)
#7 C:\xampp\htdocs\2020\11\frigo\wp-includes\shortc in C:\xampp\htdocs\2020\11\frigo\frigo-cn\themes\frigo\inc\wc-functions.php on line 450

2020-11-28T11:17:26+00:00 CRITICAL Uncaught ArgumentCountError: Too few arguments to function product_max_qty(), 0 passed in C:\xampp\htdocs\2020\11\frigo\frigo-cn\themes\frigo\woocommerce\single-product\add-to-cart\simple.php on line 43 and exactly 1 expected in C:\xampp\htdocs\2020\11\frigo\frigo-cn\themes\frigo\inc\wc-functions.php:453
Stack trace:
#0 C:\xampp\htdocs\2020\11\frigo\frigo-cn\themes\frigo\woocommerce\single-product\add-to-cart\simple.php(43): product_max_qty()
#1 C:\xampp\htdocs\2020\11\frigo\frigo-cn\plugins\woocommerce\includes\wc-core-functions.php(345): include('C:\\xampp\\htdocs...')
#2 C:\xampp\htdocs\2020\11\frigo\frigo-cn\plugins\woocommerce\includes\wc-template-functions.php(1625): wc_get_template('single-product/...')
#3 C:\xampp\htdocs\2020\11\frigo\wp-includes\class-wp-hook.php(287): woocommerce_simple_add_to_cart('')
#4 C:\xampp\htdocs\2020\11\frigo\wp-includes\class-wp-hook.php(311): WP_Hook->apply_filters('', Array)
#5 C:\xampp\htdocs\2020\11\frigo\wp-includes\plugin.php(478): WP_Hook->do_action(Array)
#6 C:\xam in C:\xampp\htdocs\2020\11\frigo\frigo-cn\themes\frigo\inc\wc-functions.php on line 453

2020-11-28T11:18:25+00:00 CRITICAL Uncaught ArgumentCountError: Too few arguments to function product_max_qty(), 0 passed in C:\xampp\htdocs\2020\11\frigo\frigo-cn\themes\frigo\woocommerce\single-product\add-to-cart\simple.php on line 43 and exactly 1 expected in C:\xampp\htdocs\2020\11\frigo\frigo-cn\themes\frigo\inc\wc-functions.php:453
Stack trace:
#0 C:\xampp\htdocs\2020\11\frigo\frigo-cn\themes\frigo\woocommerce\single-product\add-to-cart\simple.php(43): product_max_qty()
#1 C:\xampp\htdocs\2020\11\frigo\frigo-cn\plugins\woocommerce\includes\wc-core-functions.php(345): include('C:\\xampp\\htdocs...')
#2 C:\xampp\htdocs\2020\11\frigo\frigo-cn\plugins\woocommerce\includes\wc-template-functions.php(1625): wc_get_template('single-product/...')
#3 C:\xampp\htdocs\2020\11\frigo\wp-includes\class-wp-hook.php(287): woocommerce_simple_add_to_cart('')
#4 C:\xampp\htdocs\2020\11\frigo\wp-includes\class-wp-hook.php(311): WP_Hook->apply_filters('', Array)
#5 C:\xampp\htdocs\2020\11\frigo\wp-includes\plugin.php(478): WP_Hook->do_action(Array)
#6 C:\xam in C:\xampp\htdocs\2020\11\frigo\frigo-cn\themes\frigo\inc\wc-functions.php on line 453

2020-11-28T11:19:25+00:00 CRITICAL Uncaught ArgumentCountError: Too few arguments to function product_max_qty(), 0 passed in C:\xampp\htdocs\2020\11\frigo\frigo-cn\themes\frigo\woocommerce\single-product\add-to-cart\variation-add-to-cart-button.php on line 25 and exactly 1 expected in C:\xampp\htdocs\2020\11\frigo\frigo-cn\themes\frigo\inc\wc-functions.php:453
Stack trace:
#0 C:\xampp\htdocs\2020\11\frigo\frigo-cn\themes\frigo\woocommerce\single-product\add-to-cart\variation-add-to-cart-button.php(25): product_max_qty()
#1 C:\xampp\htdocs\2020\11\frigo\frigo-cn\plugins\woocommerce\includes\wc-core-functions.php(345): include('C:\\xampp\\htdocs...')
#2 C:\xampp\htdocs\2020\11\frigo\frigo-cn\plugins\woocommerce\includes\wc-template-functions.php(2976): wc_get_template('single-product/...')
#3 C:\xampp\htdocs\2020\11\frigo\wp-includes\class-wp-hook.php(287): woocommerce_single_variation_add_to_cart_button('')
#4 C:\xampp\htdocs\2020\11\frigo\wp-includes\class-wp-hook.php(311): WP_Hook->apply_filters(NULL, Array)
#5 C:\xampp\htdocs\2020\11\frigo\w in C:\xampp\htdocs\2020\11\frigo\frigo-cn\themes\frigo\inc\wc-functions.php on line 453

2020-11-28T11:20:38+00:00 CRITICAL Uncaught ArgumentCountError: Too few arguments to function product_max_qty(), 0 passed in C:\xampp\htdocs\2020\11\frigo\frigo-cn\themes\frigo\woocommerce\single-product\add-to-cart\simple.php on line 43 and exactly 1 expected in C:\xampp\htdocs\2020\11\frigo\frigo-cn\themes\frigo\inc\wc-functions.php:453
Stack trace:
#0 C:\xampp\htdocs\2020\11\frigo\frigo-cn\themes\frigo\woocommerce\single-product\add-to-cart\simple.php(43): product_max_qty()
#1 C:\xampp\htdocs\2020\11\frigo\frigo-cn\plugins\woocommerce\includes\wc-core-functions.php(345): include('C:\\xampp\\htdocs...')
#2 C:\xampp\htdocs\2020\11\frigo\frigo-cn\plugins\woocommerce\includes\wc-template-functions.php(1625): wc_get_template('single-product/...')
#3 C:\xampp\htdocs\2020\11\frigo\wp-includes\class-wp-hook.php(287): woocommerce_simple_add_to_cart('')
#4 C:\xampp\htdocs\2020\11\frigo\wp-includes\class-wp-hook.php(311): WP_Hook->apply_filters('', Array)
#5 C:\xampp\htdocs\2020\11\frigo\wp-includes\plugin.php(478): WP_Hook->do_action(Array)
#6 C:\xam in C:\xampp\htdocs\2020\11\frigo\frigo-cn\themes\frigo\inc\wc-functions.php on line 453

2020-11-28T11:20:55+00:00 CRITICAL Uncaught ArgumentCountError: Too few arguments to function product_max_qty(), 0 passed in C:\xampp\htdocs\2020\11\frigo\frigo-cn\themes\frigo\woocommerce\single-product\add-to-cart\simple.php on line 43 and exactly 1 expected in C:\xampp\htdocs\2020\11\frigo\frigo-cn\themes\frigo\inc\wc-functions.php:453
Stack trace:
#0 C:\xampp\htdocs\2020\11\frigo\frigo-cn\themes\frigo\woocommerce\single-product\add-to-cart\simple.php(43): product_max_qty()
#1 C:\xampp\htdocs\2020\11\frigo\frigo-cn\plugins\woocommerce\includes\wc-core-functions.php(345): include('C:\\xampp\\htdocs...')
#2 C:\xampp\htdocs\2020\11\frigo\frigo-cn\plugins\woocommerce\includes\wc-template-functions.php(1625): wc_get_template('single-product/...')
#3 C:\xampp\htdocs\2020\11\frigo\wp-includes\class-wp-hook.php(287): woocommerce_simple_add_to_cart('')
#4 C:\xampp\htdocs\2020\11\frigo\wp-includes\class-wp-hook.php(311): WP_Hook->apply_filters('', Array)
#5 C:\xampp\htdocs\2020\11\frigo\wp-includes\plugin.php(478): WP_Hook->do_action(Array)
#6 C:\xam in C:\xampp\htdocs\2020\11\frigo\frigo-cn\themes\frigo\inc\wc-functions.php on line 453

2020-11-28T11:21:08+00:00 CRITICAL Uncaught ArgumentCountError: Too few arguments to function product_max_qty(), 0 passed in C:\xampp\htdocs\2020\11\frigo\frigo-cn\themes\frigo\woocommerce\single-product\add-to-cart\simple.php on line 43 and exactly 1 expected in C:\xampp\htdocs\2020\11\frigo\frigo-cn\themes\frigo\inc\wc-functions.php:453
Stack trace:
#0 C:\xampp\htdocs\2020\11\frigo\frigo-cn\themes\frigo\woocommerce\single-product\add-to-cart\simple.php(43): product_max_qty()
#1 C:\xampp\htdocs\2020\11\frigo\frigo-cn\plugins\woocommerce\includes\wc-core-functions.php(345): include('C:\\xampp\\htdocs...')
#2 C:\xampp\htdocs\2020\11\frigo\frigo-cn\plugins\woocommerce\includes\wc-template-functions.php(1625): wc_get_template('single-product/...')
#3 C:\xampp\htdocs\2020\11\frigo\wp-includes\class-wp-hook.php(287): woocommerce_simple_add_to_cart('')
#4 C:\xampp\htdocs\2020\11\frigo\wp-includes\class-wp-hook.php(311): WP_Hook->apply_filters('', Array)
#5 C:\xampp\htdocs\2020\11\frigo\wp-includes\plugin.php(478): WP_Hook->do_action(Array)
#6 C:\xam in C:\xampp\htdocs\2020\11\frigo\frigo-cn\themes\frigo\inc\wc-functions.php on line 453

2020-11-28T11:21:14+00:00 CRITICAL Uncaught Error: Call to a member function get_id() on null in C:\xampp\htdocs\2020\11\frigo\frigo-cn\themes\frigo\inc\wc-functions.php:459
Stack trace:
#0 C:\xampp\htdocs\2020\11\frigo\frigo-cn\themes\frigo\woocommerce\cart\cart.php(113): product_max_qty(155)
#1 C:\xampp\htdocs\2020\11\frigo\frigo-cn\plugins\woocommerce\includes\wc-core-functions.php(345): include('C:\\xampp\\htdocs...')
#2 C:\xampp\htdocs\2020\11\frigo\frigo-cn\plugins\woocommerce\includes\shortcodes\class-wc-shortcode-cart.php(99): wc_get_template('cart/cart.php')
#3 C:\xampp\htdocs\2020\11\frigo\frigo-cn\plugins\woocommerce\includes\class-wc-shortcodes.php(72): WC_Shortcode_Cart::output(Array)
#4 C:\xampp\htdocs\2020\11\frigo\frigo-cn\plugins\woocommerce\includes\class-wc-shortcodes.php(85): WC_Shortcodes::shortcode_wrapper(Array)
#5 C:\xampp\htdocs\2020\11\frigo\wp-includes\shortcodes.php(343): WC_Shortcodes::cart('', '', 'woocommerce_car...')
#6 [internal function]: do_shortcode_tag(Array)
#7 C:\xampp\htdocs\2020\11\frigo\wp-includes\sho in C:\xampp\htdocs\2020\11\frigo\frigo-cn\themes\frigo\inc\wc-functions.php on line 459

2020-11-28T11:21:48+00:00 CRITICAL Uncaught ArgumentCountError: Too few arguments to function product_max_qty(), 0 passed in C:\xampp\htdocs\2020\11\frigo\frigo-cn\themes\frigo\woocommerce\single-product\add-to-cart\simple.php on line 43 and exactly 1 expected in C:\xampp\htdocs\2020\11\frigo\frigo-cn\themes\frigo\inc\wc-functions.php:453
Stack trace:
#0 C:\xampp\htdocs\2020\11\frigo\frigo-cn\themes\frigo\woocommerce\single-product\add-to-cart\simple.php(43): product_max_qty()
#1 C:\xampp\htdocs\2020\11\frigo\frigo-cn\plugins\woocommerce\includes\wc-core-functions.php(345): include('C:\\xampp\\htdocs...')
#2 C:\xampp\htdocs\2020\11\frigo\frigo-cn\plugins\woocommerce\includes\wc-template-functions.php(1625): wc_get_template('single-product/...')
#3 C:\xampp\htdocs\2020\11\frigo\wp-includes\class-wp-hook.php(287): woocommerce_simple_add_to_cart('')
#4 C:\xampp\htdocs\2020\11\frigo\wp-includes\class-wp-hook.php(311): WP_Hook->apply_filters('', Array)
#5 C:\xampp\htdocs\2020\11\frigo\wp-includes\plugin.php(478): WP_Hook->do_action(Array)
#6 C:\xam in C:\xampp\htdocs\2020\11\frigo\frigo-cn\themes\frigo\inc\wc-functions.php on line 453

2020-11-28T11:22:39+00:00 CRITICAL Uncaught ArgumentCountError: Too few arguments to function product_max_qty(), 0 passed in C:\xampp\htdocs\2020\11\frigo\frigo-cn\themes\frigo\inc\wc-functions.php on line 158 and exactly 1 expected in C:\xampp\htdocs\2020\11\frigo\frigo-cn\themes\frigo\inc\wc-functions.php:453
Stack trace:
#0 C:\xampp\htdocs\2020\11\frigo\frigo-cn\themes\frigo\inc\wc-functions.php(158): product_max_qty()
#1 C:\xampp\htdocs\2020\11\frigo\frigo-cn\themes\frigo\front-page.php(164): loop_qty_input()
#2 C:\xampp\htdocs\2020\11\frigo\wp-includes\template-loader.php(106): include('C:\\xampp\\htdocs...')
#3 C:\xampp\htdocs\2020\11\frigo\wp-blog-header.php(19): require_once('C:\\xampp\\htdocs...')
#4 C:\xampp\htdocs\2020\11\frigo\index.php(17): require('C:\\xampp\\htdocs...')
#5 {main}
  thrown in C:\xampp\htdocs\2020\11\frigo\frigo-cn\themes\frigo\inc\wc-functions.php on line 453

2020-11-28T11:23:56+00:00 CRITICAL Uncaught ArgumentCountError: Too few arguments to function product_max_qty(), 0 passed in C:\xampp\htdocs\2020\11\frigo\frigo-cn\themes\frigo\inc\wc-functions.php on line 159 and exactly 1 expected in C:\xampp\htdocs\2020\11\frigo\frigo-cn\themes\frigo\inc\wc-functions.php:454
Stack trace:
#0 C:\xampp\htdocs\2020\11\frigo\frigo-cn\themes\frigo\inc\wc-functions.php(159): product_max_qty()
#1 C:\xampp\htdocs\2020\11\frigo\frigo-cn\themes\frigo\front-page.php(164): loop_qty_input()
#2 C:\xampp\htdocs\2020\11\frigo\wp-includes\template-loader.php(106): include('C:\\xampp\\htdocs...')
#3 C:\xampp\htdocs\2020\11\frigo\wp-blog-header.php(19): require_once('C:\\xampp\\htdocs...')
#4 C:\xampp\htdocs\2020\11\frigo\index.php(17): require('C:\\xampp\\htdocs...')
#5 {main}
  thrown in C:\xampp\htdocs\2020\11\frigo\frigo-cn\themes\frigo\inc\wc-functions.php on line 454

2020-11-28T11:25:10+00:00 CRITICAL Uncaught ArgumentCountError: Too few arguments to function product_max_qty(), 0 passed in C:\xampp\htdocs\2020\11\frigo\frigo-cn\themes\frigo\inc\wc-functions.php on line 159 and exactly 1 expected in C:\xampp\htdocs\2020\11\frigo\frigo-cn\themes\frigo\inc\wc-functions.php:454
Stack trace:
#0 C:\xampp\htdocs\2020\11\frigo\frigo-cn\themes\frigo\inc\wc-functions.php(159): product_max_qty()
#1 C:\xampp\htdocs\2020\11\frigo\frigo-cn\themes\frigo\front-page.php(164): loop_qty_input()
#2 C:\xampp\htdocs\2020\11\frigo\wp-includes\template-loader.php(106): include('C:\\xampp\\htdocs...')
#3 C:\xampp\htdocs\2020\11\frigo\wp-blog-header.php(19): require_once('C:\\xampp\\htdocs...')
#4 C:\xampp\htdocs\2020\11\frigo\index.php(17): require('C:\\xampp\\htdocs...')
#5 {main}
  thrown in C:\xampp\htdocs\2020\11\frigo\frigo-cn\themes\frigo\inc\wc-functions.php on line 454

2020-11-28T11:25:52+00:00 CRITICAL Uncaught ArgumentCountError: Too few arguments to function product_max_qty(), 0 passed in C:\xampp\htdocs\2020\11\frigo\frigo-cn\themes\frigo\inc\wc-functions.php on line 159 and exactly 1 expected in C:\xampp\htdocs\2020\11\frigo\frigo-cn\themes\frigo\inc\wc-functions.php:454
Stack trace:
#0 C:\xampp\htdocs\2020\11\frigo\frigo-cn\themes\frigo\inc\wc-functions.php(159): product_max_qty()
#1 C:\xampp\htdocs\2020\11\frigo\frigo-cn\themes\frigo\front-page.php(164): loop_qty_input()
#2 C:\xampp\htdocs\2020\11\frigo\wp-includes\template-loader.php(106): include('C:\\xampp\\htdocs...')
#3 C:\xampp\htdocs\2020\11\frigo\wp-blog-header.php(19): require_once('C:\\xampp\\htdocs...')
#4 C:\xampp\htdocs\2020\11\frigo\index.php(17): require('C:\\xampp\\htdocs...')
#5 {main}
  thrown in C:\xampp\htdocs\2020\11\frigo\frigo-cn\themes\frigo\inc\wc-functions.php on line 454

2020-11-28T11:26:03+00:00 CRITICAL Uncaught ArgumentCountError: Too few arguments to function product_max_qty(), 0 passed in C:\xampp\htdocs\2020\11\frigo\frigo-cn\themes\frigo\inc\wc-functions.php on line 162 and exactly 1 expected in C:\xampp\htdocs\2020\11\frigo\frigo-cn\themes\frigo\inc\wc-functions.php:454
Stack trace:
#0 C:\xampp\htdocs\2020\11\frigo\frigo-cn\themes\frigo\inc\wc-functions.php(162): product_max_qty()
#1 C:\xampp\htdocs\2020\11\frigo\frigo-cn\themes\frigo\front-page.php(164): loop_qty_input()
#2 C:\xampp\htdocs\2020\11\frigo\wp-includes\template-loader.php(106): include('C:\\xampp\\htdocs...')
#3 C:\xampp\htdocs\2020\11\frigo\wp-blog-header.php(19): require_once('C:\\xampp\\htdocs...')
#4 C:\xampp\htdocs\2020\11\frigo\index.php(17): require('C:\\xampp\\htdocs...')
#5 {main}
  thrown in C:\xampp\htdocs\2020\11\frigo\frigo-cn\themes\frigo\inc\wc-functions.php on line 454

2020-11-28T11:26:27+00:00 CRITICAL Uncaught ArgumentCountError: Too few arguments to function product_max_qty(), 0 passed in C:\xampp\htdocs\2020\11\frigo\frigo-cn\themes\frigo\inc\wc-functions.php on line 159 and exactly 1 expected in C:\xampp\htdocs\2020\11\frigo\frigo-cn\themes\frigo\inc\wc-functions.php:454
Stack trace:
#0 C:\xampp\htdocs\2020\11\frigo\frigo-cn\themes\frigo\inc\wc-functions.php(159): product_max_qty()
#1 C:\xampp\htdocs\2020\11\frigo\frigo-cn\themes\frigo\front-page.php(164): loop_qty_input()
#2 C:\xampp\htdocs\2020\11\frigo\wp-includes\template-loader.php(106): include('C:\\xampp\\htdocs...')
#3 C:\xampp\htdocs\2020\11\frigo\wp-blog-header.php(19): require_once('C:\\xampp\\htdocs...')
#4 C:\xampp\htdocs\2020\11\frigo\index.php(17): require('C:\\xampp\\htdocs...')
#5 {main}
  thrown in C:\xampp\htdocs\2020\11\frigo\frigo-cn\themes\frigo\inc\wc-functions.php on line 454

2020-11-28T11:26:44+00:00 CRITICAL Uncaught ArgumentCountError: Too few arguments to function product_max_qty(), 0 passed in C:\xampp\htdocs\2020\11\frigo\frigo-cn\themes\frigo\inc\wc-functions.php on line 159 and exactly 1 expected in C:\xampp\htdocs\2020\11\frigo\frigo-cn\themes\frigo\inc\wc-functions.php:454
Stack trace:
#0 C:\xampp\htdocs\2020\11\frigo\frigo-cn\themes\frigo\inc\wc-functions.php(159): product_max_qty()
#1 C:\xampp\htdocs\2020\11\frigo\frigo-cn\themes\frigo\front-page.php(164): loop_qty_input()
#2 C:\xampp\htdocs\2020\11\frigo\wp-includes\template-loader.php(106): include('C:\\xampp\\htdocs...')
#3 C:\xampp\htdocs\2020\11\frigo\wp-blog-header.php(19): require_once('C:\\xampp\\htdocs...')
#4 C:\xampp\htdocs\2020\11\frigo\index.php(17): require('C:\\xampp\\htdocs...')
#5 {main}
  thrown in C:\xampp\htdocs\2020\11\frigo\frigo-cn\themes\frigo\inc\wc-functions.php on line 454

2020-11-28T11:27:11+00:00 CRITICAL Uncaught ArgumentCountError: Too few arguments to function product_max_qty(), 0 passed in C:\xampp\htdocs\2020\11\frigo\frigo-cn\themes\frigo\inc\wc-functions.php on line 159 and exactly 1 expected in C:\xampp\htdocs\2020\11\frigo\frigo-cn\themes\frigo\inc\wc-functions.php:454
Stack trace:
#0 C:\xampp\htdocs\2020\11\frigo\frigo-cn\themes\frigo\inc\wc-functions.php(159): product_max_qty()
#1 C:\xampp\htdocs\2020\11\frigo\frigo-cn\themes\frigo\front-page.php(164): loop_qty_input()
#2 C:\xampp\htdocs\2020\11\frigo\wp-includes\template-loader.php(106): include('C:\\xampp\\htdocs...')
#3 C:\xampp\htdocs\2020\11\frigo\wp-blog-header.php(19): require_once('C:\\xampp\\htdocs...')
#4 C:\xampp\htdocs\2020\11\frigo\index.php(17): require('C:\\xampp\\htdocs...')
#5 {main}
  thrown in C:\xampp\htdocs\2020\11\frigo\frigo-cn\themes\frigo\inc\wc-functions.php on line 454

2020-11-28T11:27:31+00:00 CRITICAL Uncaught ArgumentCountError: Too few arguments to function product_max_qty(), 0 passed in C:\xampp\htdocs\2020\11\frigo\frigo-cn\themes\frigo\inc\wc-functions.php on line 159 and exactly 1 expected in C:\xampp\htdocs\2020\11\frigo\frigo-cn\themes\frigo\inc\wc-functions.php:454
Stack trace:
#0 C:\xampp\htdocs\2020\11\frigo\frigo-cn\themes\frigo\inc\wc-functions.php(159): product_max_qty()
#1 C:\xampp\htdocs\2020\11\frigo\frigo-cn\themes\frigo\front-page.php(164): loop_qty_input()
#2 C:\xampp\htdocs\2020\11\frigo\wp-includes\template-loader.php(106): include('C:\\xampp\\htdocs...')
#3 C:\xampp\htdocs\2020\11\frigo\wp-blog-header.php(19): require_once('C:\\xampp\\htdocs...')
#4 C:\xampp\htdocs\2020\11\frigo\index.php(17): require('C:\\xampp\\htdocs...')
#5 {main}
  thrown in C:\xampp\htdocs\2020\11\frigo\frigo-cn\themes\frigo\inc\wc-functions.php on line 454

2020-11-28T11:28:33+00:00 CRITICAL Uncaught ArgumentCountError: Too few arguments to function product_max_qty(), 0 passed in C:\xampp\htdocs\2020\11\frigo\frigo-cn\themes\frigo\inc\wc-functions.php on line 159 and exactly 1 expected in C:\xampp\htdocs\2020\11\frigo\frigo-cn\themes\frigo\inc\wc-functions.php:451
Stack trace:
#0 C:\xampp\htdocs\2020\11\frigo\frigo-cn\themes\frigo\inc\wc-functions.php(159): product_max_qty()
#1 C:\xampp\htdocs\2020\11\frigo\frigo-cn\themes\frigo\front-page.php(164): loop_qty_input()
#2 C:\xampp\htdocs\2020\11\frigo\wp-includes\template-loader.php(106): include('C:\\xampp\\htdocs...')
#3 C:\xampp\htdocs\2020\11\frigo\wp-blog-header.php(19): require_once('C:\\xampp\\htdocs...')
#4 C:\xampp\htdocs\2020\11\frigo\index.php(17): require('C:\\xampp\\htdocs...')
#5 {main}
  thrown in C:\xampp\htdocs\2020\11\frigo\frigo-cn\themes\frigo\inc\wc-functions.php on line 451

2020-11-28T11:29:38+00:00 CRITICAL Uncaught Error: Call to a member function get_id() on null in C:\xampp\htdocs\2020\11\frigo\frigo-cn\themes\frigo\inc\wc-functions.php:460
Stack trace:
#0 C:\xampp\htdocs\2020\11\frigo\frigo-cn\themes\frigo\woocommerce\cart\cart.php(113): product_max_qty(155)
#1 C:\xampp\htdocs\2020\11\frigo\frigo-cn\plugins\woocommerce\includes\wc-core-functions.php(345): include('C:\\xampp\\htdocs...')
#2 C:\xampp\htdocs\2020\11\frigo\frigo-cn\plugins\woocommerce\includes\shortcodes\class-wc-shortcode-cart.php(99): wc_get_template('cart/cart.php')
#3 C:\xampp\htdocs\2020\11\frigo\frigo-cn\plugins\woocommerce\includes\class-wc-shortcodes.php(72): WC_Shortcode_Cart::output(Array)
#4 C:\xampp\htdocs\2020\11\frigo\frigo-cn\plugins\woocommerce\includes\class-wc-shortcodes.php(85): WC_Shortcodes::shortcode_wrapper(Array)
#5 C:\xampp\htdocs\2020\11\frigo\wp-includes\shortcodes.php(343): WC_Shortcodes::cart('', '', 'woocommerce_car...')
#6 [internal function]: do_shortcode_tag(Array)
#7 C:\xampp\htdocs\2020\11\frigo\wp-includes\sho in C:\xampp\htdocs\2020\11\frigo\frigo-cn\themes\frigo\inc\wc-functions.php on line 460

2020-11-28T12:49:49+00:00 CRITICAL Uncaught Error: Call to a member function get_id() on null in C:\xampp\htdocs\2020\11\frigo\frigo-cn\themes\frigo\inc\wc-functions.php:444
Stack trace:
#0 C:\xampp\htdocs\2020\11\frigo\frigo-cn\plugins\cbv-addet-to-cart-popup-wc\templates\xoo-cp-content.php(44): product_min_qty()
#1 C:\xampp\htdocs\2020\11\frigo\frigo-cn\plugins\woocommerce\includes\wc-core-functions.php(345): include('C:\\xampp\\htdocs...')
#2 C:\xampp\htdocs\2020\11\frigo\frigo-cn\plugins\cbv-addet-to-cart-popup-wc\includes\class-xoo-cp-core.php(55): wc_get_template('xoo-cp-content....', Array, '', 'C:\\xampp\\htdocs...')
#3 C:\xampp\htdocs\2020\11\frigo\frigo-cn\plugins\cbv-addet-to-cart-popup-wc\includes\class-xoo-cp-core.php(123): Xoo_CP_Core->get_cart_content()
#4 C:\xampp\htdocs\2020\11\frigo\wp-includes\class-wp-hook.php(287): Xoo_CP_Core->set_ajax_fragments(Array)
#5 C:\xampp\htdocs\2020\11\frigo\wp-includes\plugin.php(206): WP_Hook->apply_filters(Array, Array)
#6 C:\xampp\htdocs\2020\11\frigo\frigo-cn\plugins\woocommerce\includes\cl in C:\xampp\htdocs\2020\11\frigo\frigo-cn\themes\frigo\inc\wc-functions.php on line 444

2020-11-28T12:50:05+00:00 CRITICAL Uncaught Error: Call to a member function get_id() on null in C:\xampp\htdocs\2020\11\frigo\frigo-cn\themes\frigo\inc\wc-functions.php:444
Stack trace:
#0 C:\xampp\htdocs\2020\11\frigo\frigo-cn\plugins\cbv-addet-to-cart-popup-wc\templates\xoo-cp-content.php(44): product_min_qty()
#1 C:\xampp\htdocs\2020\11\frigo\frigo-cn\plugins\woocommerce\includes\wc-core-functions.php(345): include('C:\\xampp\\htdocs...')
#2 C:\xampp\htdocs\2020\11\frigo\frigo-cn\plugins\cbv-addet-to-cart-popup-wc\includes\class-xoo-cp-core.php(55): wc_get_template('xoo-cp-content....', Array, '', 'C:\\xampp\\htdocs...')
#3 C:\xampp\htdocs\2020\11\frigo\frigo-cn\plugins\cbv-addet-to-cart-popup-wc\includes\class-xoo-cp-core.php(123): Xoo_CP_Core->get_cart_content()
#4 C:\xampp\htdocs\2020\11\frigo\wp-includes\class-wp-hook.php(287): Xoo_CP_Core->set_ajax_fragments(Array)
#5 C:\xampp\htdocs\2020\11\frigo\wp-includes\plugin.php(206): WP_Hook->apply_filters(Array, Array)
#6 C:\xampp\htdocs\2020\11\frigo\frigo-cn\plugins\woocommerce\includes\cl in C:\xampp\htdocs\2020\11\frigo\frigo-cn\themes\frigo\inc\wc-functions.php on line 444

2020-11-28T16:36:02+00:00 CRITICAL Object of class WP_Term could not be converted to string in C:\xampp\htdocs\2020\11\frigo\frigo-cn\plugins\cbv-addet-to-cart-popup-wc\templates\xoo-cp-content.php on line 92

2020-11-28T16:36:29+00:00 CRITICAL Object of class WP_Term could not be converted to string in C:\xampp\htdocs\2020\11\frigo\frigo-cn\plugins\cbv-addet-to-cart-popup-wc\templates\xoo-cp-content.php on line 92

