2020-12-01T04:04:59+00:00 CRITICAL syntax error, unexpected 'endforeach' (T_ENDFOREACH), expecting elseif (T_ELSEIF) or else (T_ELSE) or endif (T_ENDIF) in C:\xampp\htdocs\2020\11\frigo\frigo-cn\themes\frigo\woocommerce\myaccount\my-account.php on line 105

2020-12-01T04:05:25+00:00 CRITICAL syntax error, unexpected 'endforeach' (T_ENDFOREACH), expecting elseif (T_ELSEIF) or else (T_ELSE) or endif (T_ENDIF) in C:\xampp\htdocs\2020\11\frigo\frigo-cn\themes\frigo\woocommerce\myaccount\my-account.php on line 104

2020-12-01T04:11:16+00:00 CRITICAL Uncaught Error: Call to a member function get_max_purchase_quantity() on null in C:\xampp\htdocs\2020\11\frigo\frigo-cn\themes\frigo\inc\wc-functions.php:466
Stack trace:
#0 C:\xampp\htdocs\2020\11\frigo\frigo-cn\plugins\cbv-addet-to-cart-popup-wc\templates\xoo-cp-content.php(44): product_max_qty(158)
#1 C:\xampp\htdocs\2020\11\frigo\frigo-cn\plugins\woocommerce\includes\wc-core-functions.php(345): include('C:\\xampp\\htdocs...')
#2 C:\xampp\htdocs\2020\11\frigo\frigo-cn\plugins\cbv-addet-to-cart-popup-wc\includes\class-xoo-cp-core.php(55): wc_get_template('xoo-cp-content....', Array, '', 'C:\\xampp\\htdocs...')
#3 C:\xampp\htdocs\2020\11\frigo\frigo-cn\plugins\cbv-addet-to-cart-popup-wc\includes\class-xoo-cp-core.php(123): Xoo_CP_Core->get_cart_content()
#4 C:\xampp\htdocs\2020\11\frigo\wp-includes\class-wp-hook.php(287): Xoo_CP_Core->set_ajax_fragments(Array)
#5 C:\xampp\htdocs\2020\11\frigo\wp-includes\plugin.php(206): WP_Hook->apply_filters(Array, Array)
#6 C:\xampp\htdocs\2020\11\frigo\frigo-cn\plugins\w in C:\xampp\htdocs\2020\11\frigo\frigo-cn\themes\frigo\inc\wc-functions.php on line 466

2020-12-01T04:11:39+00:00 CRITICAL Uncaught Error: Call to a member function get_max_purchase_quantity() on null in C:\xampp\htdocs\2020\11\frigo\frigo-cn\themes\frigo\inc\wc-functions.php:466
Stack trace:
#0 C:\xampp\htdocs\2020\11\frigo\frigo-cn\themes\frigo\woocommerce\cart\cart.php(113): product_max_qty(158)
#1 C:\xampp\htdocs\2020\11\frigo\frigo-cn\plugins\woocommerce\includes\wc-core-functions.php(345): include('C:\\xampp\\htdocs...')
#2 C:\xampp\htdocs\2020\11\frigo\frigo-cn\plugins\woocommerce\includes\shortcodes\class-wc-shortcode-cart.php(99): wc_get_template('cart/cart.php')
#3 C:\xampp\htdocs\2020\11\frigo\frigo-cn\plugins\woocommerce\includes\class-wc-shortcodes.php(72): WC_Shortcode_Cart::output(Array)
#4 C:\xampp\htdocs\2020\11\frigo\frigo-cn\plugins\woocommerce\includes\class-wc-shortcodes.php(85): WC_Shortcodes::shortcode_wrapper(Array)
#5 C:\xampp\htdocs\2020\11\frigo\wp-includes\shortcodes.php(343): WC_Shortcodes::cart('', '', 'woocommerce_car...')
#6 [internal function]: do_shortcode_tag(Array)
#7 C:\xampp\htdocs\2020\11\fr in C:\xampp\htdocs\2020\11\frigo\frigo-cn\themes\frigo\inc\wc-functions.php on line 466

2020-12-01T04:29:02+00:00 CRITICAL syntax error, unexpected 'endif' (T_ENDIF) in C:\xampp\htdocs\2020\11\frigo\frigo-cn\themes\frigo\woocommerce\myaccount\my-account.php on line 124

